\BOOKMARK [0][-]{chapter*.1}{Preface}{}% 1
\BOOKMARK [0][-]{chapter*.2}{Abstract}{}% 2
\BOOKMARK [0][-]{chapter*.2}{Contents}{}% 3
\BOOKMARK [0][-]{chapter.1}{Introduction}{}% 4
\BOOKMARK [1][-]{section.1.1}{Motivation}{chapter.1}% 5
\BOOKMARK [1][-]{section.1.2}{State of Research}{chapter.1}% 6
\BOOKMARK [1][-]{section.1.3}{Goals and Outline}{chapter.1}% 7
\BOOKMARK [0][-]{chapter.2}{Methodology}{}% 8
\BOOKMARK [1][-]{section.2.1}{Glathida Dataset}{chapter.2}% 9
\BOOKMARK [2][-]{subsection.2.1.1}{GlaThiDa}{section.2.1}% 10
\BOOKMARK [2][-]{subsection.2.1.2}{RGI}{section.2.1}% 11
\BOOKMARK [2][-]{subsection.2.1.3}{linking them}{section.2.1}% 12
\BOOKMARK [2][-]{subsection.2.1.4}{Some stats about GlaThiDa}{section.2.1}% 13
\BOOKMARK [1][-]{section.2.2}{Choosing Features}{chapter.2}% 14
\BOOKMARK [2][-]{subsection.2.2.1}{Putting together the features}{section.2.2}% 15
\BOOKMARK [2][-]{subsection.2.2.2}{Which features did we choose}{section.2.2}% 16
\BOOKMARK [1][-]{section.2.3}{Machine Learning Models}{chapter.2}% 17
\BOOKMARK [2][-]{subsection.2.3.1}{Tuning parameters}{section.2.3}% 18
\BOOKMARK [2][-]{subsection.2.3.2}{SVM}{section.2.3}% 19
\BOOKMARK [2][-]{subsection.2.3.3}{Random Forest}{section.2.3}% 20
\BOOKMARK [2][-]{subsection.2.3.4}{Linear Regression}{section.2.3}% 21
\BOOKMARK [1][-]{section.2.4}{Training method}{chapter.2}% 22
\BOOKMARK [1][-]{section.2.5}{Scoring method}{chapter.2}% 23
\BOOKMARK [1][-]{section.2.6}{Features Importance}{chapter.2}% 24
\BOOKMARK [2][-]{subsection.2.6.1}{Shuffle}{section.2.6}% 25
\BOOKMARK [2][-]{subsection.2.6.2}{partial dependence plot}{section.2.6}% 26
\BOOKMARK [0][-]{chapter.3}{Results}{}% 27
\BOOKMARK [1][-]{section.3.1}{Linear Regression Results}{chapter.3}% 28
\BOOKMARK [1][-]{section.3.2}{SVM}{chapter.3}% 29
\BOOKMARK [1][-]{section.3.3}{Random forest}{chapter.3}% 30
\BOOKMARK [0][-]{chapter.4}{Discussion}{}% 31
\BOOKMARK [1][-]{section.4.1}{Machine Learning models comparison}{chapter.4}% 32
\BOOKMARK [2][-]{subsection.4.1.1}{Score comparison}{section.4.1}% 33
\BOOKMARK [2][-]{subsection.4.1.2}{Spread Comparison}{section.4.1}% 34
\BOOKMARK [2][-]{subsection.4.1.3}{Feature importance comparison}{section.4.1}% 35
\BOOKMARK [1][-]{section.4.2}{Alps volume comparison}{chapter.4}% 36
\BOOKMARK [0][-]{chapter.5}{Conclusions}{}% 37
\BOOKMARK [0][-]{appendix.A}{Tuning models parameters?}{}% 38
\BOOKMARK [0][-]{appendix.A}{Bibliography}{}% 39
\BOOKMARK [0][-]{appendix*.5}{Acknowledgments}{}% 40
